#
# There is insufficient memory for the Java Runtime Environment to continue.
# Native memory allocation (mmap) failed to map 67108864 bytes for G1 virtual space
# Possible reasons:
#   The system is out of physical RAM or swap space
#   The process is running with CompressedOops enabled, and the Java Heap may be blocking the growth of the native heap
# Possible solutions:
#   Reduce memory load on the system
#   Increase physical memory or swap space
#   Check if swap backing store is full
#   Decrease Java heap size (-Xmx/-Xms)
#   Decrease number of Java threads
#   Decrease Java thread stack sizes (-Xss)
#   Set larger code cache with -XX:ReservedCodeCacheSize=
#   JVM is running with Unscaled Compressed Oops mode in which the Java heap is
#     placed in the first 4GB address space. The Java Heap base address is the
#     maximum limit for the native heap growth. Please use -XX:HeapBaseMinAddress
#     to set the Java Heap base and to place the Java Heap above 4GB virtual address.
# This output file may be truncated or incomplete.
#
#  Out of Memory Error (os_windows.cpp:3600), pid=11252, tid=640
#
# JRE version:  (21.0.5+9) (build )
# Java VM: Java HotSpot(TM) 64-Bit Server VM (21.0.5+9-LTS-239, mixed mode, sharing, tiered, compressed oops, compressed class ptrs, g1 gc, windows-amd64)
# No core dump will be written. Minidumps are not enabled by default on client versions of Windows
#

---------------  S U M M A R Y ------------

Command Line: -Xmx64m -Xms64m -Dorg.gradle.appname=gradlew org.gradle.wrapper.GradleWrapperMain -I C:\Users\Ryan\AppData\Local\Temp\classpath18228755637097770475.gradle kotlinLSPProjectDeps --console=plain

Host: Intel(R) Pentium(R) Gold 7505 @ 2.00GHz, 4 cores, 3G,  Windows 11 , 64 bit Build 26100 (10.0.26100.4484)
Time: Thu Jul 10 15:43:41 2025 Hora Padrão de Buenos Aires elapsed time: 0.160335 seconds (0d 0h 0m 0s)

---------------  T H R E A D  ---------------

Current thread (0x0000022c64de2500):  JavaThread "Unknown thread" [_thread_in_vm, id=640, stack(0x0000009494000000,0x0000009494100000) (1024K)]

Stack: [0x0000009494000000,0x0000009494100000]
Native frames: (J=compiled Java code, j=interpreted, Vv=VM code, C=native code)
V  [jvm.dll+0x6ca289]
V  [jvm.dll+0x854a51]
V  [jvm.dll+0x856f7e]
V  [jvm.dll+0x857653]
V  [jvm.dll+0x27dd26]
V  [jvm.dll+0x6c6a25]
V  [jvm.dll+0x6bb5aa]
V  [jvm.dll+0x35359a]
V  [jvm.dll+0x35b1f6]
V  [jvm.dll+0x3adade]
V  [jvm.dll+0x3add88]
V  [jvm.dll+0x3278fc]
V  [jvm.dll+0x32845b]
V  [jvm.dll+0x81de19]
V  [jvm.dll+0x3ba7c1]
V  [jvm.dll+0x807168]
V  [jvm.dll+0x44f96e]
V  [jvm.dll+0x451561]
C  [jli.dll+0x52a3]
C  [ucrtbase.dll+0x37b0]
C  [KERNEL32.DLL+0x2e8d7]
C  [ntdll.dll+0x3c34c]


---------------  P R O C E S S  ---------------

Threads class SMR info:
_java_thread_list=0x00007ffbae5fac08, length=0, elements={
}

Java Threads: ( => current thread )
Total: 0

Other Threads:
  0x0000022c67092600 WorkerThread "GC Thread#0"                     [id=16804, stack(0x0000009494100000,0x0000009494200000) (1024K)]
  0x0000022c670945f0 ConcurrentGCThread "G1 Main Marker"            [id=11516, stack(0x0000009494200000,0x0000009494300000) (1024K)]
  0x0000022c67095f70 WorkerThread "G1 Conc#0"                       [id=14444, stack(0x0000009494300000,0x0000009494400000) (1024K)]

[error occurred during error reporting (printing all threads), id 0xc0000005, EXCEPTION_ACCESS_VIOLATION (0xc0000005) at pc=0x00007ffbadd6a087]
VM state: not at safepoint (not fully initialized)

VM Mutex/Monitor currently owned by a thread:  ([mutex/lock_event])
[0x00007ffbae66bf98] Heap_lock - owner thread: 0x0000022c64de2500

Heap address: 0x00000000fc000000, size: 64 MB, Compressed Oops mode: 32-bit

CDS archive(s) mapped at: [0x0000000000000000-0x0000000000000000-0x0000000000000000), size 0, SharedBaseAddress: 0x0000000800000000, ArchiveRelocationMode: 1.
Narrow klass base: 0x0000000000000000, Narrow klass shift: 0, Narrow klass range: 0x0

GC Precious Log:
 CardTable entry size: 512
 Card Set container configuration: InlinePtr #cards 5 size 8 Array Of Cards #cards 12 size 40 Howl #buckets 4 coarsen threshold 1843 Howl Bitmap #cards 512 size 80 coarsen threshold 460 Card regions per heap region 1 cards per card region 2048

Heap:
 garbage-first heap   total 0K, used 0K [0x00000000fc000000, 0x0000000100000000)
  region size 1024K, 0 young (0K), 0 survivors (0K)

[error occurred during error reporting (printing heap information), id 0xc0000005, EXCEPTION_ACCESS_VIOLATION (0xc0000005) at pc=0x00007ffbae153259]
GC Heap History (0 events):
No events

Dll operation events (1 events):
Event: 0.085 Loaded shared library C:\Program Files\Java\jdk-21\bin\java.dll

Deoptimization events (0 events):
No events

Classes loaded (0 events):
No events

Classes unloaded (0 events):
No events

Classes redefined (0 events):
No events

Internal exceptions (0 events):
No events

ZGC Phase Switch (0 events):
No events

VM Operations (0 events):
No events

Events (0 events):
No events


Dynamic libraries:
0x00007ff711710000 - 0x00007ff711720000 	C:\Program Files\Java\jdk-21\bin\java.exe
0x00007ffc0cd80000 - 0x00007ffc0cfe8000 	C:\WINDOWS\SYSTEM32\ntdll.dll
0x00007ffc0c620000 - 0x00007ffc0c6e9000 	C:\WINDOWS\System32\KERNEL32.DLL
0x00007ffc0a050000 - 0x00007ffc0a43d000 	C:\WINDOWS\System32\KERNELBASE.dll
0x00007ffc0a440000 - 0x00007ffc0a58b000 	C:\WINDOWS\System32\ucrtbase.dll
0x00007ffbf0320000 - 0x00007ffbf0339000 	C:\Program Files\Java\jdk-21\bin\jli.dll
0x00007ffc0b4b0000 - 0x00007ffc0b564000 	C:\WINDOWS\System32\ADVAPI32.dll
0x00007ffc0c560000 - 0x00007ffc0c609000 	C:\WINDOWS\System32\msvcrt.dll
0x00007ffc0afd0000 - 0x00007ffc0b076000 	C:\WINDOWS\System32\sechost.dll
0x00007ffc0c9c0000 - 0x00007ffc0cad8000 	C:\WINDOWS\System32\RPCRT4.dll
0x00007ffc0c6f0000 - 0x00007ffc0c8bc000 	C:\WINDOWS\System32\USER32.dll
0x00007ffbf9080000 - 0x00007ffbf909b000 	C:\Program Files\Java\jdk-21\bin\VCRUNTIME140.dll
0x00007ffc0a6d0000 - 0x00007ffc0a6f7000 	C:\WINDOWS\System32\win32u.dll
0x00007ffc0b0f0000 - 0x00007ffc0b11b000 	C:\WINDOWS\System32\GDI32.dll
0x00007ffc0a590000 - 0x00007ffc0a6c7000 	C:\WINDOWS\System32\gdi32full.dll
0x00007ffc0a8f0000 - 0x00007ffc0a993000 	C:\WINDOWS\System32\msvcp_win.dll
0x00007ffbf9c10000 - 0x00007ffbf9eaa000 	C:\WINDOWS\WinSxS\amd64_microsoft.windows.common-controls_6595b64144ccf1df_6.0.26100.4484_none_3e0e6d4ce32ef3b3\COMCTL32.dll
0x00007ffbfa7a0000 - 0x00007ffbfa7ab000 	C:\WINDOWS\SYSTEM32\VERSION.dll
0x00007ffc0c420000 - 0x00007ffc0c44f000 	C:\WINDOWS\System32\IMM32.DLL
0x00007ffbf96e0000 - 0x00007ffbf96ec000 	C:\Program Files\Java\jdk-21\bin\vcruntime140_1.dll
0x00007ffbf0290000 - 0x00007ffbf031e000 	C:\Program Files\Java\jdk-21\bin\msvcp140.dll
0x00007ffbada30000 - 0x00007ffbae748000 	C:\Program Files\Java\jdk-21\bin\server\jvm.dll
0x00007ffc0c3a0000 - 0x00007ffc0c414000 	C:\WINDOWS\System32\WS2_32.dll
0x00007ffc09d40000 - 0x00007ffc09d9e000 	C:\WINDOWS\SYSTEM32\POWRPROF.dll
0x00007ffc07870000 - 0x00007ffc078a5000 	C:\WINDOWS\SYSTEM32\WINMM.dll
0x00007ffc09d20000 - 0x00007ffc09d34000 	C:\WINDOWS\SYSTEM32\UMPDC.dll
0x00007ffc08c50000 - 0x00007ffc08c6b000 	C:\WINDOWS\SYSTEM32\kernel.appcore.dll
0x00007ffbf6e00000 - 0x00007ffbf6e0a000 	C:\Program Files\Java\jdk-21\bin\jimage.dll
0x00007ffc07590000 - 0x00007ffc077d1000 	C:\WINDOWS\SYSTEM32\DBGHELP.DLL
0x00007ffc0b120000 - 0x00007ffc0b4a6000 	C:\WINDOWS\System32\combase.dll
0x00007ffc0c460000 - 0x00007ffc0c540000 	C:\WINDOWS\System32\OLEAUT32.dll
0x00007ffc07820000 - 0x00007ffc07863000 	C:\WINDOWS\SYSTEM32\dbgcore.DLL
0x00007ffc0a700000 - 0x00007ffc0a799000 	C:\WINDOWS\System32\bcryptPrimitives.dll
0x00007ffbf0270000 - 0x00007ffbf028f000 	C:\Program Files\Java\jdk-21\bin\java.dll

dbghelp: loaded successfully - version: 4.0.5 - missing functions: none
symbol engine: initialized successfully - sym options: 0x614 - pdb path: .;C:\Program Files\Java\jdk-21\bin;C:\WINDOWS\SYSTEM32;C:\WINDOWS\WinSxS\amd64_microsoft.windows.common-controls_6595b64144ccf1df_6.0.26100.4484_none_3e0e6d4ce32ef3b3;C:\Program Files\Java\jdk-21\bin\server

VM Arguments:
jvm_args: -Xmx64m -Xms64m -Dorg.gradle.appname=gradlew 
java_command: org.gradle.wrapper.GradleWrapperMain -I C:\Users\Ryan\AppData\Local\Temp\classpath18228755637097770475.gradle kotlinLSPProjectDeps --console=plain
java_class_path (initial): c:\Users\Ryan\AndroidStudioProjects\PomodoroTimer\\gradle\wrapper\gradle-wrapper.jar
Launcher Type: SUN_STANDARD

[Global flags]
     intx CICompilerCount                          = 3                                         {product} {ergonomic}
     uint ConcGCThreads                            = 1                                         {product} {ergonomic}
     uint G1ConcRefinementThreads                  = 4                                         {product} {ergonomic}
   size_t G1HeapRegionSize                         = 1048576                                   {product} {ergonomic}
    uintx GCDrainStackTargetSize                   = 64                                        {product} {ergonomic}
   size_t InitialHeapSize                          = 67108864                                  {product} {command line}
   size_t MarkStackSize                            = 4194304                                   {product} {ergonomic}
   size_t MaxHeapSize                              = 67108864                                  {product} {command line}
   size_t MinHeapDeltaBytes                        = 1048576                                   {product} {ergonomic}
   size_t MinHeapSize                              = 67108864                                  {product} {command line}
    uintx NonNMethodCodeHeapSize                   = 5832780                                {pd product} {ergonomic}
    uintx NonProfiledCodeHeapSize                  = 122912730                              {pd product} {ergonomic}
    uintx ProfiledCodeHeapSize                     = 122912730                              {pd product} {ergonomic}
    uintx ReservedCodeCacheSize                    = 251658240                              {pd product} {ergonomic}
     bool SegmentedCodeCache                       = true                                      {product} {ergonomic}
   size_t SoftMaxHeapSize                          = 67108864                               {manageable} {ergonomic}
     bool UseCompressedOops                        = true                           {product lp64_product} {ergonomic}
     bool UseG1GC                                  = true                                      {product} {ergonomic}
     bool UseLargePagesIndividualAllocation        = false                                  {pd product} {ergonomic}

Logging:
Log output configuration:
 #0: stdout all=warning uptime,level,tags foldmultilines=false
 #1: stderr all=off uptime,level,tags foldmultilines=false

Environment Variables:
JAVA_HOME=C:\Program Files\Java\jdk-21
CLASSPATH=c:\Users\Ryan\AndroidStudioProjects\PomodoroTimer\\gradle\wrapper\gradle-wrapper.jar
PATH=C:\Program Files\Common Files\Oracle\Java\javapath;C:\WINDOWS\system32;C:\WINDOWS;C:\WINDOWS\System32\Wbem;C:\WINDOWS\System32\WindowsPowerShell\v1.0\;C:\WINDOWS\System32\OpenSSH\;C:\Program Files\Git\cmd;C:\Program Files\Docker\Docker\resources\bin;C:\Program Files\nodejs\;C:\Program Files\apache-maven-3.9.9\bin;C:\Program Files\Java\jdk-21\bin;C:\Users\Ryan\.cargo\bin;C:\Program Files\MySQL\MySQL Shell 8.0\bin\;C:\Users\Ryan\AppData\Local\Microsoft\WindowsApps;C:\Users\Ryan\AppData\Local\Programs\Microsoft VS Code\bin;C:\Users\Ryan\AppData\Roaming\npm;C:\Users\Ryan\AppData\Local\gitkraken\bin;C:\ffmpeg-7.0.2-essentials_build\bin;;C:\Program Files\JetBrains\IntelliJ IDEA 2024.3.1.1\bin;;C:\Users\Ryan\AppData\Local\Microsoft\WindowsApps
USERNAME=Ryan
OS=Windows_NT
PROCESSOR_IDENTIFIER=Intel64 Family 6 Model 140 Stepping 1, GenuineIntel
TMP=C:\Users\Ryan\AppData\Local\Temp
TEMP=C:\Users\Ryan\AppData\Local\Temp




Periodic native trim disabled

---------------  S Y S T E M  ---------------

OS:
 Windows 11 , 64 bit Build 26100 (10.0.26100.4484)
OS uptime: 0 days 11:23 hours
Hyper-V role detected

CPU: total 4 (initial active 4) (2 cores per cpu, 2 threads per core) family 6 model 140 stepping 1 microcode 0xbc, cx8, cmov, fxsr, ht, mmx, 3dnowpref, sse, sse2, sse3, ssse3, sse4.1, sse4.2, popcnt, lzcnt, tsc, tscinvbit, avx, avx2, aes, erms, clmul, bmi1, bmi2, adx, avx512f, avx512dq, avx512cd, avx512bw, avx512vl, sha, fma, vzeroupper, avx512_vpopcntdq, avx512_vpclmulqdq, avx512_vaes, avx512_vnni, clflush, clflushopt, clwb, avx512_vbmi2, avx512_vbmi, hv, rdtscp, rdpid, fsrm, gfni, avx512_bitalg, f16c, cet_ibt, cet_ss, avx512_ifma
Processor Information for all 4 processors :
  Max Mhz: 1997, Current Mhz: 1997, Mhz Limit: 1997

Memory: 4k page, system-wide physical 3838M (71M free)
TotalPageFile size 15614M (AvailPageFile size 59M)
current process WorkingSet (physical memory assigned to process): 11M, peak: 11M
current process commit charge ("private bytes"): 51M, peak: 115M

vm_info: Java HotSpot(TM) 64-Bit Server VM (21.0.5+9-LTS-239) for windows-amd64 JRE (21.0.5+9-LTS-239), built on 2024-09-30T05:17:38Z by "mach5one" with MS VC++ 17.6 (VS2022)

END.
