#
# There is insufficient memory for the Java Runtime Environment to continue.
# Native memory allocation (malloc) failed to allocate 1848896 bytes for Chunk::new
# Possible reasons:
#   The system is out of physical RAM or swap space
#   The process is running with CompressedOops enabled, and the Java Heap may be blocking the growth of the native heap
# Possible solutions:
#   Reduce memory load on the system
#   Increase physical memory or swap space
#   Check if swap backing store is full
#   Decrease Java heap size (-Xmx/-Xms)
#   Decrease number of Java threads
#   Decrease Java thread stack sizes (-Xss)
#   Set larger code cache with -XX:ReservedCodeCacheSize=
#   JVM is running with Unscaled Compressed Oops mode in which the Java heap is
#     placed in the first 4GB address space. The Java Heap base address is the
#     maximum limit for the native heap growth. Please use -XX:HeapBaseMinAddress
#     to set the Java Heap base and to place the Java Heap above 4GB virtual address.
# This output file may be truncated or incomplete.
#
#  Out of Memory Error (arena.cpp:168), pid=10548, tid=8820
#
# JRE version: Java(TM) SE Runtime Environment (21.0.5+9) (build 21.0.5+9-LTS-239)
# Java VM: Java HotSpot(TM) 64-Bit Server VM (21.0.5+9-LTS-239, mixed mode, sharing, tiered, compressed oops, compressed class ptrs, g1 gc, windows-amd64)
# No core dump will be written. Minidumps are not enabled by default on client versions of Windows
#

---------------  S U M M A R Y ------------

Command Line: --add-opens=java.base/java.lang=ALL-UNNAMED --add-opens=java.base/java.lang.invoke=ALL-UNNAMED --add-opens=java.base/java.util=ALL-UNNAMED --add-opens=java.prefs/java.util.prefs=ALL-UNNAMED --add-exports=jdk.compiler/com.sun.tools.javac.api=ALL-UNNAMED --add-exports=jdk.compiler/com.sun.tools.javac.util=ALL-UNNAMED --add-opens=java.base/java.util=ALL-UNNAMED --add-opens=java.prefs/java.util.prefs=ALL-UNNAMED --add-opens=java.base/java.nio.charset=ALL-UNNAMED --add-opens=java.base/java.net=ALL-UNNAMED --add-opens=java.base/java.util.concurrent.atomic=ALL-UNNAMED --add-opens=java.xml/javax.xml.namespace=ALL-UNNAMED -Xmx2048m -Dfile.encoding=UTF-8 -Duser.country=BR -Duser.language=pt -Duser.variant -javaagent:C:\Users\Ryan\.gradle\wrapper\dists\gradle-8.11.1-bin\bpt9gzteqjrbo1mjrsomdt32c\gradle-8.11.1\lib\agents\gradle-instrumentation-agent-8.11.1.jar org.gradle.launcher.daemon.bootstrap.GradleDaemon 8.11.1

Host: Intel(R) Pentium(R) Gold 7505 @ 2.00GHz, 4 cores, 3G,  Windows 11 , 64 bit Build 26100 (10.0.26100.4484)
Time: Thu Jul 10 15:43:23 2025 Hora Padrão de Buenos Aires elapsed time: 27.038316 seconds (0d 0h 0m 27s)

---------------  T H R E A D  ---------------

Current thread (0x0000028e9bf490c0):  JavaThread "C2 CompilerThread0" daemon [_thread_in_native, id=8820, stack(0x000000f36d300000,0x000000f36d400000) (1024K)]


Current CompileTask:
C2:  27038 2740   !   4       java.lang.ClassLoader::loadClass (121 bytes)

Stack: [0x000000f36d300000,0x000000f36d400000]
Native frames: (J=compiled Java code, j=interpreted, Vv=VM code, C=native code)
V  [jvm.dll+0x6ca289]
V  [jvm.dll+0x854a51]
V  [jvm.dll+0x856f7e]
V  [jvm.dll+0x857653]
V  [jvm.dll+0x27dd26]
V  [jvm.dll+0xc4c2d]
V  [jvm.dll+0xc5163]
V  [jvm.dll+0x3b4d3c]
V  [jvm.dll+0x1df613]
V  [jvm.dll+0x246a62]
V  [jvm.dll+0x245eef]
V  [jvm.dll+0x1c6d0e]
V  [jvm.dll+0x2554d9]
V  [jvm.dll+0x253a6a]
V  [jvm.dll+0x3ee136]
V  [jvm.dll+0x7fee9b]
V  [jvm.dll+0x6c896d]
C  [ucrtbase.dll+0x37b0]
C  [KERNEL32.DLL+0x2e8d7]
C  [ntdll.dll+0x3c34c]


---------------  P R O C E S S  ---------------

Threads class SMR info:
_java_thread_list=0x0000028ee1fbd310, length=24, elements={
0x0000028efda87760, 0x0000028e9bf3af30, 0x0000028e9bf3c7a0, 0x0000028e9bf40020,
0x0000028e9bf40a70, 0x0000028e9bf434d0, 0x0000028e9bf45f30, 0x0000028e9bf490c0,
0x0000028e9bf4e820, 0x0000028e9bfbdef0, 0x0000028ee1311d80, 0x0000028ee2b49fb0,
0x0000028ee1d0a2b0, 0x0000028ee11deb10, 0x0000028ee1269770, 0x0000028ee126ab90,
0x0000028ee1c5f510, 0x0000028ee1f68420, 0x0000028ee1c5fb70, 0x0000028ee11dc840,
0x0000028ee11db490, 0x0000028ee11da0e0, 0x0000028ee11dbb20, 0x0000028ee11dc1b0
}

Java Threads: ( => current thread )
  0x0000028efda87760 JavaThread "main"                              [_thread_blocked, id=7376, stack(0x000000f36c500000,0x000000f36c600000) (1024K)]
  0x0000028e9bf3af30 JavaThread "Reference Handler"          daemon [_thread_blocked, id=12460, stack(0x000000f36cd00000,0x000000f36ce00000) (1024K)]
  0x0000028e9bf3c7a0 JavaThread "Finalizer"                  daemon [_thread_blocked, id=12796, stack(0x000000f36ce00000,0x000000f36cf00000) (1024K)]
  0x0000028e9bf40020 JavaThread "Signal Dispatcher"          daemon [_thread_blocked, id=11772, stack(0x000000f36cf00000,0x000000f36d000000) (1024K)]
  0x0000028e9bf40a70 JavaThread "Attach Listener"            daemon [_thread_blocked, id=14572, stack(0x000000f36d000000,0x000000f36d100000) (1024K)]
  0x0000028e9bf434d0 JavaThread "Service Thread"             daemon [_thread_blocked, id=15124, stack(0x000000f36d100000,0x000000f36d200000) (1024K)]
  0x0000028e9bf45f30 JavaThread "Monitor Deflation Thread"   daemon [_thread_blocked, id=11600, stack(0x000000f36d200000,0x000000f36d300000) (1024K)]
=>0x0000028e9bf490c0 JavaThread "C2 CompilerThread0"         daemon [_thread_in_native, id=8820, stack(0x000000f36d300000,0x000000f36d400000) (1024K)]
  0x0000028e9bf4e820 JavaThread "C1 CompilerThread0"         daemon [_thread_blocked, id=15164, stack(0x000000f36d400000,0x000000f36d500000) (1024K)]
  0x0000028e9bfbdef0 JavaThread "Common-Cleaner"             daemon [_thread_blocked, id=5316, stack(0x000000f36d500000,0x000000f36d600000) (1024K)]
  0x0000028ee1311d80 JavaThread "Notification Thread"        daemon [_thread_blocked, id=4160, stack(0x000000f36d600000,0x000000f36d700000) (1024K)]
  0x0000028ee2b49fb0 JavaThread "Daemon health stats"               [_thread_blocked, id=8060, stack(0x000000f36da00000,0x000000f36db00000) (1024K)]
  0x0000028ee1d0a2b0 JavaThread "Incoming local TCP Connector on port 54912"        [_thread_in_native, id=4688, stack(0x000000f36db00000,0x000000f36dc00000) (1024K)]
  0x0000028ee11deb10 JavaThread "Daemon periodic checks"            [_thread_blocked, id=1568, stack(0x000000f36dc00000,0x000000f36dd00000) (1024K)]
  0x0000028ee1269770 JavaThread "Daemon"                            [_thread_blocked, id=15832, stack(0x000000f36dd00000,0x000000f36de00000) (1024K)]
  0x0000028ee126ab90 JavaThread "Handler for socket connection from /127.0.0.1:54912 to /127.0.0.1:54917"        [_thread_in_native, id=13012, stack(0x000000f36de00000,0x000000f36df00000) (1024K)]
  0x0000028ee1c5f510 JavaThread "Cancel handler"                    [_thread_blocked, id=14296, stack(0x000000f36df00000,0x000000f36e000000) (1024K)]
  0x0000028ee1f68420 JavaThread "Daemon worker"                     [_thread_in_Java, id=16960, stack(0x000000f36e000000,0x000000f36e100000) (1024K)]
  0x0000028ee1c5fb70 JavaThread "Asynchronous log dispatcher for DefaultDaemonConnection: socket connection from /127.0.0.1:54912 to /127.0.0.1:54917"        [_thread_blocked, id=15292, stack(0x000000f36e100000,0x000000f36e200000) (1024K)]
  0x0000028ee11dc840 JavaThread "Stdin handler"                     [_thread_blocked, id=12016, stack(0x000000f36e200000,0x000000f36e300000) (1024K)]
  0x0000028ee11db490 JavaThread "Daemon client event forwarder"        [_thread_blocked, id=6584, stack(0x000000f36e300000,0x000000f36e400000) (1024K)]
  0x0000028ee11da0e0 JavaThread "Cache worker for journal cache (C:\Users\Ryan\.gradle\caches\journal-1)"        [_thread_blocked, id=16944, stack(0x000000f36e400000,0x000000f36e500000) (1024K)]
  0x0000028ee11dbb20 JavaThread "File lock request listener"        [_thread_in_native, id=9876, stack(0x000000f36e500000,0x000000f36e600000) (1024K)]
  0x0000028ee11dc1b0 JavaThread "Cache worker for file hash cache (C:\Users\Ryan\.gradle\caches\8.11.1\fileHashes)"        [_thread_blocked, id=3552, stack(0x000000f36e600000,0x000000f36e700000) (1024K)]
Total: 24

Other Threads:
  0x0000028e9bf1fd10 VMThread "VM Thread"                           [id=12704, stack(0x000000f36cc00000,0x000000f36cd00000) (1024K)]
  0x0000028e9bf0dca0 WatcherThread "VM Periodic Task Thread"        [id=2596, stack(0x000000f36cb00000,0x000000f36cc00000) (1024K)]
  0x0000028eff5d36c0 WorkerThread "GC Thread#0"                     [id=8996, stack(0x000000f36c600000,0x000000f36c700000) (1024K)]
  0x0000028ee138bbb0 WorkerThread "GC Thread#1"                     [id=6280, stack(0x000000f36d700000,0x000000f36d800000) (1024K)]
  0x0000028ee1389060 WorkerThread "GC Thread#2"                     [id=14132, stack(0x000000f36d800000,0x000000f36d900000) (1024K)]
  0x0000028ee1cfa740 WorkerThread "GC Thread#3"                     [id=13160, stack(0x000000f36d900000,0x000000f36da00000) (1024K)]
  0x0000028eff5e55c0 ConcurrentGCThread "G1 Main Marker"            [id=15616, stack(0x000000f36c700000,0x000000f36c800000) (1024K)]
  0x0000028eff5e5fd0 WorkerThread "G1 Conc#0"                       [id=7048, stack(0x000000f36c800000,0x000000f36c900000) (1024K)]
  0x0000028eff63db40 ConcurrentGCThread "G1 Refine#0"               [id=4240, stack(0x000000f36c900000,0x000000f36ca00000) (1024K)]
  0x0000028eff63e5c0 ConcurrentGCThread "G1 Service"                [id=13836, stack(0x000000f36ca00000,0x000000f36cb00000) (1024K)]
Total: 10

Threads with active compile tasks:
C2 CompilerThread0    27073 2740   !   4       java.lang.ClassLoader::loadClass (121 bytes)
Total: 1

VM state: not at safepoint (normal execution)

VM Mutex/Monitor currently owned by a thread:  ([mutex/lock_event])
[0x00007ffbae66c518] Module_lock - owner thread: 0x0000028ee1f68420

Heap address: 0x0000000080000000, size: 2048 MB, Compressed Oops mode: 32-bit

CDS archive(s) mapped at: [0x0000028e9c000000-0x0000028e9cc90000-0x0000028e9cc90000), size 13172736, SharedBaseAddress: 0x0000028e9c000000, ArchiveRelocationMode: 1.
Compressed class space mapped at: 0x0000028e9d000000-0x0000028edd000000, reserved size: 1073741824
Narrow klass base: 0x0000028e9c000000, Narrow klass shift: 0, Narrow klass range: 0x100000000

GC Precious Log:
 CardTable entry size: 512
 Card Set container configuration: InlinePtr #cards 5 size 8 Array Of Cards #cards 12 size 40 Howl #buckets 4 coarsen threshold 1843 Howl Bitmap #cards 512 size 80 coarsen threshold 460 Card regions per heap region 1 cards per card region 2048
 CPUs: 4 total, 4 available
 Memory: 3838M
 Large Page Support: Disabled
 NUMA Support: Disabled
 Compressed Oops: Enabled (32-bit)
 Heap Region Size: 1M
 Heap Min Capacity: 8M
 Heap Initial Capacity: 60M
 Heap Max Capacity: 2G
 Pre-touch: Disabled
 Parallel Workers: 4
 Concurrent Workers: 1
 Concurrent Refinement Workers: 4
 Periodic GC: Disabled

Heap:
 garbage-first heap   total 61440K, used 40918K [0x0000000080000000, 0x0000000100000000)
  region size 1024K, 26 young (26624K), 5 survivors (5120K)
 Metaspace       used 15715K, committed 16256K, reserved 1114112K
  class space    used 2095K, committed 2368K, reserved 1048576K

Heap Regions: E=young(eden), S=young(survivor), O=old, HS=humongous(starts), HC=humongous(continues), CS=collection set, F=free, TAMS=top-at-mark-start, PB=parsable bottom
|   0|0x0000000080000000, 0x0000000080100000, 0x0000000080100000|100%|HS|  |TAMS 0x0000000080000000| PB 0x0000000080000000| Complete 
|   1|0x0000000080100000, 0x0000000080200000, 0x0000000080200000|100%|HC|  |TAMS 0x0000000080100000| PB 0x0000000080100000| Complete 
|   2|0x0000000080200000, 0x0000000080300000, 0x0000000080300000|100%|HC|  |TAMS 0x0000000080200000| PB 0x0000000080200000| Complete 
|   3|0x0000000080300000, 0x0000000080400000, 0x0000000080400000|100%| O|  |TAMS 0x0000000080300000| PB 0x0000000080300000| Untracked 
|   4|0x0000000080400000, 0x0000000080500000, 0x0000000080500000|100%| O|  |TAMS 0x0000000080400000| PB 0x0000000080400000| Untracked 
|   5|0x0000000080500000, 0x0000000080600000, 0x0000000080600000|100%| O|  |TAMS 0x0000000080500000| PB 0x0000000080500000| Untracked 
|   6|0x0000000080600000, 0x0000000080700000, 0x0000000080700000|100%| O|  |TAMS 0x0000000080600000| PB 0x0000000080600000| Untracked 
|   7|0x0000000080700000, 0x0000000080800000, 0x0000000080800000|100%|HS|  |TAMS 0x0000000080700000| PB 0x0000000080700000| Complete 
|   8|0x0000000080800000, 0x0000000080900000, 0x0000000080900000|100%| O|  |TAMS 0x0000000080800000| PB 0x0000000080800000| Untracked 
|   9|0x0000000080900000, 0x0000000080a00000, 0x0000000080a00000|100%| O|  |TAMS 0x0000000080900000| PB 0x0000000080900000| Untracked 
|  10|0x0000000080a00000, 0x0000000080b00000, 0x0000000080b00000|100%| O|  |TAMS 0x0000000080a00000| PB 0x0000000080a00000| Untracked 
|  11|0x0000000080b00000, 0x0000000080c00000, 0x0000000080c00000|100%| O|  |TAMS 0x0000000080b00000| PB 0x0000000080b00000| Untracked 
|  12|0x0000000080c00000, 0x0000000080d00000, 0x0000000080d00000|100%| O|  |TAMS 0x0000000080c00000| PB 0x0000000080c00000| Untracked 
|  13|0x0000000080d00000, 0x0000000080e00000, 0x0000000080e00000|100%| O|  |TAMS 0x0000000080d00000| PB 0x0000000080d00000| Untracked 
|  14|0x0000000080e00000, 0x0000000080f00000, 0x0000000080f00000|100%| O|  |TAMS 0x0000000080e00000| PB 0x0000000080e00000| Untracked 
|  15|0x0000000080f00000, 0x0000000080fa03b0, 0x0000000081000000| 62%| O|  |TAMS 0x0000000080f00000| PB 0x0000000080f00000| Untracked 
|  16|0x0000000081000000, 0x0000000081000000, 0x0000000081100000|  0%| F|  |TAMS 0x0000000081000000| PB 0x0000000081000000| Untracked 
|  17|0x0000000081100000, 0x0000000081100000, 0x0000000081200000|  0%| F|  |TAMS 0x0000000081100000| PB 0x0000000081100000| Untracked 
|  18|0x0000000081200000, 0x0000000081200000, 0x0000000081300000|  0%| F|  |TAMS 0x0000000081200000| PB 0x0000000081200000| Untracked 
|  19|0x0000000081300000, 0x0000000081300000, 0x0000000081400000|  0%| F|  |TAMS 0x0000000081300000| PB 0x0000000081300000| Untracked 
|  20|0x0000000081400000, 0x00000000814554b0, 0x0000000081500000| 33%| S|CS|TAMS 0x0000000081400000| PB 0x0000000081400000| Complete 
|  21|0x0000000081500000, 0x0000000081600000, 0x0000000081600000|100%| S|CS|TAMS 0x0000000081500000| PB 0x0000000081500000| Complete 
|  22|0x0000000081600000, 0x0000000081700000, 0x0000000081700000|100%| S|CS|TAMS 0x0000000081600000| PB 0x0000000081600000| Complete 
|  23|0x0000000081700000, 0x0000000081800000, 0x0000000081800000|100%| S|CS|TAMS 0x0000000081700000| PB 0x0000000081700000| Complete 
|  24|0x0000000081800000, 0x0000000081800000, 0x0000000081900000|  0%| F|  |TAMS 0x0000000081800000| PB 0x0000000081800000| Untracked 
|  25|0x0000000081900000, 0x0000000081900000, 0x0000000081a00000|  0%| F|  |TAMS 0x0000000081900000| PB 0x0000000081900000| Untracked 
|  26|0x0000000081a00000, 0x0000000081a00000, 0x0000000081b00000|  0%| F|  |TAMS 0x0000000081a00000| PB 0x0000000081a00000| Untracked 
|  27|0x0000000081b00000, 0x0000000081b00000, 0x0000000081c00000|  0%| F|  |TAMS 0x0000000081b00000| PB 0x0000000081b00000| Untracked 
|  28|0x0000000081c00000, 0x0000000081d00000, 0x0000000081d00000|100%| S|CS|TAMS 0x0000000081c00000| PB 0x0000000081c00000| Complete 
|  29|0x0000000081d00000, 0x0000000081d00000, 0x0000000081e00000|  0%| F|  |TAMS 0x0000000081d00000| PB 0x0000000081d00000| Untracked 
|  30|0x0000000081e00000, 0x0000000081e00000, 0x0000000081f00000|  0%| F|  |TAMS 0x0000000081e00000| PB 0x0000000081e00000| Untracked 
|  31|0x0000000081f00000, 0x0000000081f00000, 0x0000000082000000|  0%| F|  |TAMS 0x0000000081f00000| PB 0x0000000081f00000| Untracked 
|  32|0x0000000082000000, 0x0000000082000000, 0x0000000082100000|  0%| F|  |TAMS 0x0000000082000000| PB 0x0000000082000000| Untracked 
|  33|0x0000000082100000, 0x0000000082100000, 0x0000000082200000|  0%| F|  |TAMS 0x0000000082100000| PB 0x0000000082100000| Untracked 
|  34|0x0000000082200000, 0x0000000082200000, 0x0000000082300000|  0%| F|  |TAMS 0x0000000082200000| PB 0x0000000082200000| Untracked 
|  35|0x0000000082300000, 0x0000000082300000, 0x0000000082400000|  0%| F|  |TAMS 0x0000000082300000| PB 0x0000000082300000| Untracked 
|  36|0x0000000082400000, 0x0000000082400000, 0x0000000082500000|  0%| F|  |TAMS 0x0000000082400000| PB 0x0000000082400000| Untracked 
|  37|0x0000000082500000, 0x0000000082500000, 0x0000000082600000|  0%| F|  |TAMS 0x0000000082500000| PB 0x0000000082500000| Untracked 
|  38|0x0000000082600000, 0x0000000082600000, 0x0000000082700000|  0%| F|  |TAMS 0x0000000082600000| PB 0x0000000082600000| Untracked 
|  39|0x0000000082700000, 0x0000000082754f78, 0x0000000082800000| 33%| E|  |TAMS 0x0000000082700000| PB 0x0000000082700000| Complete 
|  40|0x0000000082800000, 0x0000000082900000, 0x0000000082900000|100%| E|CS|TAMS 0x0000000082800000| PB 0x0000000082800000| Complete 
|  41|0x0000000082900000, 0x0000000082a00000, 0x0000000082a00000|100%| E|CS|TAMS 0x0000000082900000| PB 0x0000000082900000| Complete 
|  42|0x0000000082a00000, 0x0000000082b00000, 0x0000000082b00000|100%| E|CS|TAMS 0x0000000082a00000| PB 0x0000000082a00000| Complete 
|  43|0x0000000082b00000, 0x0000000082c00000, 0x0000000082c00000|100%| E|CS|TAMS 0x0000000082b00000| PB 0x0000000082b00000| Complete 
|  44|0x0000000082c00000, 0x0000000082d00000, 0x0000000082d00000|100%| E|CS|TAMS 0x0000000082c00000| PB 0x0000000082c00000| Complete 
|  45|0x0000000082d00000, 0x0000000082e00000, 0x0000000082e00000|100%| E|CS|TAMS 0x0000000082d00000| PB 0x0000000082d00000| Complete 
|  46|0x0000000082e00000, 0x0000000082f00000, 0x0000000082f00000|100%| E|CS|TAMS 0x0000000082e00000| PB 0x0000000082e00000| Complete 
|  47|0x0000000082f00000, 0x0000000083000000, 0x0000000083000000|100%| E|CS|TAMS 0x0000000082f00000| PB 0x0000000082f00000| Complete 
|  48|0x0000000083000000, 0x0000000083100000, 0x0000000083100000|100%| E|CS|TAMS 0x0000000083000000| PB 0x0000000083000000| Complete 
|  49|0x0000000083100000, 0x0000000083200000, 0x0000000083200000|100%| E|CS|TAMS 0x0000000083100000| PB 0x0000000083100000| Complete 
|  50|0x0000000083200000, 0x0000000083300000, 0x0000000083300000|100%| E|CS|TAMS 0x0000000083200000| PB 0x0000000083200000| Complete 
|  51|0x0000000083300000, 0x0000000083400000, 0x0000000083400000|100%| E|CS|TAMS 0x0000000083300000| PB 0x0000000083300000| Complete 
|  52|0x0000000083400000, 0x0000000083500000, 0x0000000083500000|100%| E|CS|TAMS 0x0000000083400000| PB 0x0000000083400000| Complete 
|  53|0x0000000083500000, 0x0000000083600000, 0x0000000083600000|100%| E|CS|TAMS 0x0000000083500000| PB 0x0000000083500000| Complete 
|  54|0x0000000083600000, 0x0000000083700000, 0x0000000083700000|100%| E|CS|TAMS 0x0000000083600000| PB 0x0000000083600000| Complete 
|  55|0x0000000083700000, 0x0000000083800000, 0x0000000083800000|100%| E|CS|TAMS 0x0000000083700000| PB 0x0000000083700000| Complete 
|  56|0x0000000083800000, 0x0000000083900000, 0x0000000083900000|100%| E|CS|TAMS 0x0000000083800000| PB 0x0000000083800000| Complete 
|  57|0x0000000083900000, 0x0000000083a00000, 0x0000000083a00000|100%| E|CS|TAMS 0x0000000083900000| PB 0x0000000083900000| Complete 
|  58|0x0000000083a00000, 0x0000000083b00000, 0x0000000083b00000|100%| E|CS|TAMS 0x0000000083a00000| PB 0x0000000083a00000| Complete 
|  59|0x0000000083b00000, 0x0000000083c00000, 0x0000000083c00000|100%| E|CS|TAMS 0x0000000083b00000| PB 0x0000000083b00000| Complete 

Card table byte_map: [0x0000028e977c0000,0x0000028e97bc0000] _byte_map_base: 0x0000028e973c0000

Marking Bits: (CMBitMap*) 0x0000028eff5d4ce0
 Bits: [0x0000028e97bc0000, 0x0000028e99bc0000)

Polling page: 0x0000028efdd20000

Metaspace:

Usage:
  Non-class:     13.30 MB used.
      Class:      2.05 MB used.
       Both:     15.35 MB used.

Virtual space:
  Non-class space:       64.00 MB reserved,      13.56 MB ( 21%) committed,  1 nodes.
      Class space:        1.00 GB reserved,       2.31 MB ( <1%) committed,  1 nodes.
             Both:        1.06 GB reserved,      15.88 MB (  1%) committed. 

Chunk freelists:
   Non-Class:  2.09 MB
       Class:  13.75 MB
        Both:  15.84 MB

MaxMetaspaceSize: unlimited
CompressedClassSpaceSize: 1.00 GB
Initial GC threshold: 21.00 MB
Current GC threshold: 21.00 MB
CDS: on
 - commit_granule_bytes: 65536.
 - commit_granule_words: 8192.
 - virtual_space_node_default_size: 8388608.
 - enlarge_chunks_in_place: 1.
 - use_allocation_guard: 0.


Internal statistics:

num_allocs_failed_limit: 0.
num_arena_births: 554.
num_arena_deaths: 0.
num_vsnodes_births: 2.
num_vsnodes_deaths: 0.
num_space_committed: 254.
num_space_uncommitted: 0.
num_chunks_returned_to_freelist: 0.
num_chunks_taken_from_freelist: 1080.
num_chunk_merges: 0.
num_chunk_splits: 708.
num_chunks_enlarged: 491.
num_inconsistent_stats: 0.

CodeHeap 'non-profiled nmethods': size=120000Kb used=1293Kb max_used=1293Kb free=118707Kb
 bounds [0x0000028e8fe90000, 0x0000028e90100000, 0x0000028e973c0000]
CodeHeap 'profiled nmethods': size=120000Kb used=5730Kb max_used=5730Kb free=114269Kb
 bounds [0x0000028e883c0000, 0x0000028e88960000, 0x0000028e8f8f0000]
CodeHeap 'non-nmethods': size=5760Kb used=1637Kb max_used=1647Kb free=4123Kb
 bounds [0x0000028e8f8f0000, 0x0000028e8fb60000, 0x0000028e8fe90000]
 total_blobs=3332 nmethods=2776 adapters=460
 compilation: enabled
              stopped_count=0, restarted_count=0
 full_count=0

Compilation events (20 events):
Event: 26.855 Thread 0x0000028e9bf4e820 2769       3       java.lang.invoke.InvokerBytecodeGenerator::clinit (351 bytes)
Event: 26.856 Thread 0x0000028e9bf4e820 nmethod 2769 0x0000028e8894d890 code [0x0000028e8894dd80, 0x0000028e88950118]
Event: 26.857 Thread 0x0000028e9bf4e820 2770       3       java.lang.invoke.InvokerBytecodeGenerator::bogusMethod (77 bytes)
Event: 26.858 Thread 0x0000028e9bf4e820 nmethod 2770 0x0000028e88950b10 code [0x0000028e88950d40, 0x0000028e889514e0]
Event: 26.858 Thread 0x0000028e9bf4e820 2771   !   3       java.lang.invoke.InvokerBytecodeGenerator::toByteArray (18 bytes)
Event: 26.858 Thread 0x0000028e9bf4e820 nmethod 2771 0x0000028e88951790 code [0x0000028e88951940, 0x0000028e88951ba8]
Event: 26.858 Thread 0x0000028e9bf4e820 2772       3       java.lang.invoke.InvokerBytecodeGenerator::classDataValues (260 bytes)
Event: 26.860 Thread 0x0000028e9bf4e820 nmethod 2772 0x0000028e88951d10 code [0x0000028e889521c0, 0x0000028e889551a0]
Event: 26.861 Thread 0x0000028e9bf4e820 2773       3       java.lang.invoke.MethodHandles::classData (17 bytes)
Event: 26.861 Thread 0x0000028e9bf4e820 nmethod 2773 0x0000028e88955b90 code [0x0000028e88955d80, 0x0000028e88956158]
Event: 26.861 Thread 0x0000028e9bf4e820 2774   !   3       java.lang.invoke.InvokerBytecodeGenerator::resolveInvokerMember (43 bytes)
Event: 26.862 Thread 0x0000028e9bf4e820 nmethod 2774 0x0000028e88956310 code [0x0000028e889564e0, 0x0000028e88956838]
Event: 26.864 Thread 0x0000028e9bf4e820 2776       3       java.lang.invoke.BoundMethodHandle::speciesDataFor (32 bytes)
Event: 26.865 Thread 0x0000028e9bf4e820 nmethod 2776 0x0000028e88956990 code [0x0000028e88956b40, 0x0000028e88956ed0]
Event: 26.874 Thread 0x0000028e9bf4e820 2777       3       jdk.internal.misc.Unsafe::getIntUnaligned (12 bytes)
Event: 26.874 Thread 0x0000028e9bf4e820 nmethod 2777 0x0000028e88957010 code [0x0000028e889571c0, 0x0000028e88957420]
Event: 26.990 Thread 0x0000028e9bf4e820 2778       3       java.lang.invoke.LambdaFormEditor::oldSpeciesData (8 bytes)
Event: 26.990 Thread 0x0000028e9bf4e820 nmethod 2778 0x0000028e88957510 code [0x0000028e889576e0, 0x0000028e88957ae8]
Event: 26.991 Thread 0x0000028e9bf4e820 2779       3       java.lang.invoke.LambdaForm$Name::<init> (19 bytes)
Event: 26.991 Thread 0x0000028e9bf4e820 nmethod 2779 0x0000028e88957c10 code [0x0000028e88957e40, 0x0000028e889586b8]

GC Heap History (10 events):
Event: 2.439 GC heap before
{Heap before GC invocations=0 (full 0):
 garbage-first heap   total 61440K, used 13312K [0x0000000080000000, 0x0000000100000000)
  region size 1024K, 13 young (13312K), 0 survivors (0K)
 Metaspace       used 818K, committed 960K, reserved 1114112K
  class space    used 67K, committed 128K, reserved 1048576K
}
Event: 2.448 GC heap after
{Heap after GC invocations=1 (full 0):
 garbage-first heap   total 61440K, used 1216K [0x0000000080000000, 0x0000000100000000)
  region size 1024K, 2 young (2048K), 2 survivors (2048K)
 Metaspace       used 818K, committed 960K, reserved 1114112K
  class space    used 67K, committed 128K, reserved 1048576K
}
Event: 3.598 GC heap before
{Heap before GC invocations=1 (full 0):
 garbage-first heap   total 61440K, used 22720K [0x0000000080000000, 0x0000000100000000)
  region size 1024K, 21 young (21504K), 2 survivors (2048K)
 Metaspace       used 2967K, committed 3136K, reserved 1114112K
  class space    used 345K, committed 384K, reserved 1048576K
}
Event: 3.606 GC heap after
{Heap after GC invocations=2 (full 0):
 garbage-first heap   total 61440K, used 9691K [0x0000000080000000, 0x0000000100000000)
  region size 1024K, 3 young (3072K), 3 survivors (3072K)
 Metaspace       used 2967K, committed 3136K, reserved 1114112K
  class space    used 345K, committed 384K, reserved 1048576K
}
Event: 9.540 GC heap before
{Heap before GC invocations=2 (full 0):
 garbage-first heap   total 61440K, used 43483K [0x0000000080000000, 0x0000000100000000)
  region size 1024K, 36 young (36864K), 3 survivors (3072K)
 Metaspace       used 4413K, committed 4608K, reserved 1114112K
  class space    used 533K, committed 640K, reserved 1048576K
}
Event: 9.548 GC heap after
{Heap after GC invocations=3 (full 0):
 garbage-first heap   total 61440K, used 11221K [0x0000000080000000, 0x0000000100000000)
  region size 1024K, 4 young (4096K), 4 survivors (4096K)
 Metaspace       used 4413K, committed 4608K, reserved 1114112K
  class space    used 533K, committed 640K, reserved 1048576K
}
Event: 14.707 GC heap before
{Heap before GC invocations=3 (full 0):
 garbage-first heap   total 61440K, used 46037K [0x0000000080000000, 0x0000000100000000)
  region size 1024K, 36 young (36864K), 4 survivors (4096K)
 Metaspace       used 4674K, committed 4928K, reserved 1114112K
  class space    used 568K, committed 704K, reserved 1048576K
}
Event: 14.716 GC heap after
{Heap after GC invocations=4 (full 0):
 garbage-first heap   total 61440K, used 16015K [0x0000000080000000, 0x0000000100000000)
  region size 1024K, 5 young (5120K), 5 survivors (5120K)
 Metaspace       used 4674K, committed 4928K, reserved 1114112K
  class space    used 568K, committed 704K, reserved 1048576K
}
Event: 23.655 GC heap before
{Heap before GC invocations=4 (full 0):
 garbage-first heap   total 61440K, used 47759K [0x0000000080000000, 0x0000000100000000)
  region size 1024K, 36 young (36864K), 5 survivors (5120K)
 Metaspace       used 11994K, committed 12352K, reserved 1114112K
  class space    used 1561K, committed 1728K, reserved 1048576K
}
Event: 23.674 GC heap after
{Heap after GC invocations=5 (full 0):
 garbage-first heap   total 61440K, used 20438K [0x0000000080000000, 0x0000000100000000)
  region size 1024K, 5 young (5120K), 5 survivors (5120K)
 Metaspace       used 11994K, committed 12352K, reserved 1114112K
  class space    used 1561K, committed 1728K, reserved 1048576K
}

Dll operation events (15 events):
Event: 0.321 Loaded shared library C:\Program Files\Java\jdk-21\bin\java.dll
Event: 0.613 Loaded shared library C:\Program Files\Java\jdk-21\bin\jsvml.dll
Event: 1.689 Loaded shared library C:\Program Files\Java\jdk-21\bin\zip.dll
Event: 1.697 Loaded shared library C:\Program Files\Java\jdk-21\bin\instrument.dll
Event: 1.704 Loaded shared library C:\Program Files\Java\jdk-21\bin\net.dll
Event: 1.707 Loaded shared library C:\Program Files\Java\jdk-21\bin\nio.dll
Event: 1.716 Loaded shared library C:\Program Files\Java\jdk-21\bin\zip.dll
Event: 2.635 Loaded shared library C:\Program Files\Java\jdk-21\bin\jimage.dll
Event: 2.981 Loaded shared library C:\Program Files\Java\jdk-21\bin\verify.dll
Event: 3.480 Loaded shared library C:\Users\Ryan\.gradle\native\c067742578af261105cb4f569cf0c3c89f3d7b1fecec35dd04571415982c5e48\windows-amd64\native-platform.dll
Event: 3.501 Loaded shared library C:\Users\Ryan\.gradle\native\100fb08df4bc3b14c8652ba06237920a3bd2aa13389f12d3474272988ae205f9\windows-amd64\native-platform-file-events.dll
Event: 16.178 Loaded shared library C:\Program Files\Java\jdk-21\bin\management.dll
Event: 16.188 Loaded shared library C:\Program Files\Java\jdk-21\bin\management_ext.dll
Event: 18.279 Loaded shared library C:\Program Files\Java\jdk-21\bin\extnet.dll
Event: 21.905 Loaded shared library C:\Program Files\Java\jdk-21\bin\sunmscapi.dll

Deoptimization events (20 events):
Event: 24.620 Thread 0x0000028ee1f68420 Uncommon trap: trap_request=0xffffffde fr.pc=0x0000028e8ff5fb64 relative=0x0000000000000304
Event: 24.620 Thread 0x0000028ee1f68420 Uncommon trap: reason=class_check action=maybe_recompile pc=0x0000028e8ff5fb64 method=java.util.regex.Pattern$BmpCharPropertyGreedy.match(Ljava/util/regex/Matcher;ILjava/lang/CharSequence;)Z @ 26 c2
Event: 24.620 Thread 0x0000028ee1f68420 DEOPT PACKING pc=0x0000028e8ff5fb64 sp=0x000000f36e0fc030
Event: 24.620 Thread 0x0000028ee1f68420 DEOPT UNPACKING pc=0x0000028e8f947da2 sp=0x000000f36e0fbfc8 mode 2
Event: 24.620 Thread 0x0000028ee1f68420 Uncommon trap: trap_request=0xffffffde fr.pc=0x0000028e8ff5fb64 relative=0x0000000000000304
Event: 24.620 Thread 0x0000028ee1f68420 Uncommon trap: reason=class_check action=maybe_recompile pc=0x0000028e8ff5fb64 method=java.util.regex.Pattern$BmpCharPropertyGreedy.match(Ljava/util/regex/Matcher;ILjava/lang/CharSequence;)Z @ 26 c2
Event: 24.620 Thread 0x0000028ee1f68420 DEOPT PACKING pc=0x0000028e8ff5fb64 sp=0x000000f36e0fbf80
Event: 24.620 Thread 0x0000028ee1f68420 DEOPT UNPACKING pc=0x0000028e8f947da2 sp=0x000000f36e0fbf38 mode 2
Event: 26.722 Thread 0x0000028ee1f68420 Uncommon trap: trap_request=0xffffff45 fr.pc=0x0000028e8ffa112c relative=0x000000000000008c
Event: 26.722 Thread 0x0000028ee1f68420 Uncommon trap: reason=unstable_if action=reinterpret pc=0x0000028e8ffa112c method=jdk.internal.misc.Unsafe.convEndian(ZI)I @ 4 c2
Event: 26.722 Thread 0x0000028ee1f68420 DEOPT PACKING pc=0x0000028e8ffa112c sp=0x000000f36e0fb0e0
Event: 26.722 Thread 0x0000028ee1f68420 DEOPT UNPACKING pc=0x0000028e8f947da2 sp=0x000000f36e0fafe8 mode 2
Event: 26.870 Thread 0x0000028ee1f68420 Uncommon trap: trap_request=0xffffff45 fr.pc=0x0000028e8feb7838 relative=0x0000000000000e38
Event: 26.870 Thread 0x0000028ee1f68420 Uncommon trap: reason=unstable_if action=reinterpret pc=0x0000028e8feb7838 method=java.io.WinNTFileSystem.resolve(Ljava/lang/String;Ljava/lang/String;)Ljava/lang/String; @ 19 c2
Event: 26.870 Thread 0x0000028ee1f68420 DEOPT PACKING pc=0x0000028e8feb7838 sp=0x000000f36e0fb4a0
Event: 26.870 Thread 0x0000028ee1f68420 DEOPT UNPACKING pc=0x0000028e8f947da2 sp=0x000000f36e0fb438 mode 2
Event: 26.875 Thread 0x0000028ee1f68420 Uncommon trap: trap_request=0xffffff45 fr.pc=0x0000028e8fec4568 relative=0x0000000000000688
Event: 26.875 Thread 0x0000028ee1f68420 Uncommon trap: reason=unstable_if action=reinterpret pc=0x0000028e8fec4568 method=java.io.File.getName()Ljava/lang/String; @ 16 c2
Event: 26.875 Thread 0x0000028ee1f68420 DEOPT PACKING pc=0x0000028e8fec4568 sp=0x000000f36e0fb460
Event: 26.875 Thread 0x0000028ee1f68420 DEOPT UNPACKING pc=0x0000028e8f947da2 sp=0x000000f36e0fb430 mode 2

Classes loaded (20 events):
Event: 24.648 Loading class java/util/concurrent/locks/ReentrantLock$FairSync
Event: 24.648 Loading class java/util/concurrent/locks/ReentrantLock$FairSync done
Event: 24.656 Loading class sun/misc/Unsafe
Event: 24.656 Loading class sun/misc/Unsafe done
Event: 24.705 Loading class java/net/DatagramPacket
Event: 24.705 Loading class java/net/DatagramPacket done
Event: 24.710 Loading class sun/nio/ch/DatagramChannelImpl$DatagramPackets
Event: 24.711 Loading class sun/nio/ch/DatagramChannelImpl$DatagramPackets done
Event: 26.712 Loading class sun/security/provider/MD5
Event: 26.712 Loading class sun/security/provider/MD5 done
Event: 26.713 Loading class sun/security/provider/SHA5$SHA512
Event: 26.713 Loading class sun/security/provider/SHA5
Event: 26.714 Loading class sun/security/provider/SHA5 done
Event: 26.714 Loading class sun/security/provider/SHA5$SHA512 done
Event: 26.721 Loading class sun/security/provider/ByteArrayAccess$LE
Event: 26.721 Loading class sun/security/provider/ByteArrayAccess$LE done
Event: 26.873 Loading class java/io/File$TempDirectory
Event: 26.874 Loading class java/io/File$TempDirectory done
Event: 26.907 Loading class java/io/PrintWriter
Event: 26.910 Loading class java/io/PrintWriter done

Classes unloaded (0 events):
No events

Classes redefined (0 events):
No events

Internal exceptions (20 events):
Event: 16.846 Thread 0x0000028efda87760 Exception <a 'java/lang/NoSuchMethodError'{0x0000000082ec1c58}: 'java.lang.Object java.lang.invoke.DirectMethodHandle$Holder.invokeVirtual(java.lang.Object, java.lang.Object, java.lang.Object, java.lang.Object, java.lang.Object, java.lang.Object, java.lang.Object, java.lang.Object, java.lang.Object)'> (0x0000000082ec1c58) 
thrown [s\open\src\hotspot\share\interpreter\linkResolver.cpp, line 773]
Event: 17.040 Thread 0x0000028efda87760 Exception <a 'java/lang/NoSuchMethodError'{0x0000000082c5be10}: 'java.lang.Object java.lang.invoke.DirectMethodHandle$Holder.invokeStaticInit(java.lang.Object, int, int, int, int)'> (0x0000000082c5be10) 
thrown [s\open\src\hotspot\share\interpreter\linkResolver.cpp, line 773]
Event: 18.185 Thread 0x0000028efda87760 Exception <a 'java/lang/NoSuchMethodError'{0x0000000082b74638}: 'java.lang.Object java.lang.invoke.DirectMethodHandle$Holder.invokeStaticInit(java.lang.Object, java.lang.Object, int, int, int, int)'> (0x0000000082b74638) 
thrown [s\open\src\hotspot\share\interpreter\linkResolver.cpp, line 773]
Event: 20.929 Thread 0x0000028efda87760 Exception <a 'java/io/IOException'{0x00000000828b78b0}> (0x00000000828b78b0) 
thrown [s\open\src\hotspot\share\prims\jni.cpp, line 520]
Event: 20.940 Thread 0x0000028efda87760 Implicit null exception at 0x0000028e8fee37a4 to 0x0000028e8fee3e70
Event: 20.951 Thread 0x0000028efda87760 Exception <a 'java/lang/NoSuchMethodError'{0x0000000082715ef8}: 'java.lang.Object java.lang.invoke.DirectMethodHandle$Holder.newInvokeSpecial(java.lang.Object, java.lang.Object, java.lang.Object, java.lang.Object, java.lang.Object)'> (0x0000000082715ef8) 
thrown [s\open\src\hotspot\share\interpreter\linkResolver.cpp, line 773]
Event: 23.058 Thread 0x0000028ee1269770 Exception <a 'java/lang/NoSuchMethodError'{0x000000008232e9e8}: 'void java.lang.invoke.DirectMethodHandle$Holder.invokeSpecial(java.lang.Object, java.lang.Object, java.lang.Object)'> (0x000000008232e9e8) 
thrown [s\open\src\hotspot\share\interpreter\linkResolver.cpp, line 773]
Event: 23.446 Thread 0x0000028ee1f68420 Exception <a 'java/lang/NoSuchMethodError'{0x000000008201dd48}: 'long java.lang.invoke.DirectMethodHandle$Holder.invokeInterface(java.lang.Object, java.lang.Object)'> (0x000000008201dd48) 
thrown [s\open\src\hotspot\share\interpreter\linkResolver.cpp, line 773]
Event: 23.689 Thread 0x0000028ee1f68420 Exception <a 'java/lang/NoSuchMethodError'{0x0000000083b96ca8}: 'void java.lang.invoke.DirectMethodHandle$Holder.invokeStatic(java.lang.Object, java.lang.Object)'> (0x0000000083b96ca8) 
thrown [s\open\src\hotspot\share\interpreter\linkResolver.cpp, line 773]
Event: 23.707 Thread 0x0000028ee1f68420 Exception <a 'java/lang/NoSuchMethodError'{0x0000000083be0298}: 'java.lang.Object java.lang.invoke.DirectMethodHandle$Holder.invokeVirtual(java.lang.Object, java.lang.Object, java.lang.Object, java.lang.Object, java.lang.Object, java.lang.Object, java.lang.Object, java.lang.Object, java.lang.Object, java.lang.Object, java.lang.Object, java.lang.Object)'> (0x0000000083be0298) 
thrown [s\open\src\hotspot\share\interpreter\linkResolver.cpp, line 773]
Event: 23.709 Thread 0x0000028ee1f68420 Exception <a 'java/lang/NoSuchMethodError'{0x0000000083be5318}: 'java.lang.Object java.lang.invoke.DirectMethodHandle$Holder.invokeSpecial(java.lang.Object, java.lang.Object, java.lang.Object, java.lang.Object, java.lang.Object, java.lang.Object, java.lang.Object, java.lang.Object, java.lang.Object, java.lang.Object, java.lang.Object, java.lang.Object, java.lang.Object)'> (0x0000000083be5318) 
thrown [s\open\src\hotspot\share\interpreter\linkResolver.cpp, line 773]
Event: 23.804 Thread 0x0000028ee1f68420 Exception <a 'java/lang/NoSuchMethodError'{0x00000000839d1b68}: 'int java.lang.invoke.DirectMethodHandle$Holder.invokeVirtual(java.lang.Object, java.lang.Object, java.lang.Object)'> (0x00000000839d1b68) 
thrown [s\open\src\hotspot\share\interpreter\linkResolver.cpp, line 773]
Event: 23.989 Thread 0x0000028ee1f68420 Exception <a 'java/lang/NoSuchMethodError'{0x000000008362a518}: 'java.lang.Object java.lang.invoke.DirectMethodHandle$Holder.newInvokeSpecial(java.lang.Object, java.lang.Object, java.lang.Object, java.lang.Object, java.lang.Object, java.lang.Object)'> (0x000000008362a518) 
thrown [s\open\src\hotspot\share\interpreter\linkResolver.cpp, line 773]
Event: 24.232 Thread 0x0000028ee1f68420 Exception <a 'java/lang/NoSuchMethodError'{0x00000000834e3240}: 'void java.lang.invoke.DelegatingMethodHandle$Holder.reinvoke_L(java.lang.Object, java.lang.Object, java.lang.Object, java.lang.Object, java.lang.Object, java.lang.Object, java.lang.Object, java.lang.Object, java.lang.Object, java.lang.Object)'> (0x00000000834e3240) 
thrown [s\open\src\hotspot\share\interpreter\linkResolver.cpp, line 773]
Event: 24.236 Thread 0x0000028ee1f68420 Exception <a 'java/lang/NoSuchMethodError'{0x00000000834eac60}: 'java.lang.Object java.lang.invoke.Invokers$Holder.invoker(java.lang.Object, java.lang.Object, java.lang.Object, java.lang.Object, java.lang.Object, java.lang.Object, java.lang.Object, java.lang.Object, java.lang.Object, java.lang.Object)'> (0x00000000834eac60) 
thrown [s\open\src\hotspot\share\interpreter\linkResolver.cpp, line 773]
Event: 24.478 Thread 0x0000028ee1f68420 Exception <a 'java/lang/NoSuchMethodError'{0x00000000830cf440}: 'void java.lang.invoke.DirectMethodHandle$Holder.invokeVirtual(java.lang.Object, java.lang.Object, java.lang.Object, java.lang.Object, java.lang.Object)'> (0x00000000830cf440) 
thrown [s\open\src\hotspot\share\interpreter\linkResolver.cpp, line 773]
Event: 24.612 Thread 0x0000028ee1f68420 Exception <a 'java/lang/NoSuchMethodError'{0x0000000082ea4848}: 'void java.lang.invoke.DirectMethodHandle$Holder.invokeInterface(java.lang.Object, java.lang.Object)'> (0x0000000082ea4848) 
thrown [s\open\src\hotspot\share\interpreter\linkResolver.cpp, line 773]
Event: 24.613 Thread 0x0000028ee1f68420 Exception <a 'java/lang/IncompatibleClassChangeError'{0x0000000082ea7db8}: Found class java.lang.Object, but interface was expected> (0x0000000082ea7db8) 
thrown [s\open\src\hotspot\share\interpreter\linkResolver.cpp, line 840]
Event: 24.652 Thread 0x0000028ee1f68420 Exception <a 'java/lang/NoSuchMethodError'{0x0000000082dcb768}: 'java.lang.Object java.lang.invoke.DirectMethodHandle$Holder.newInvokeSpecial(java.lang.Object, java.lang.Object, int)'> (0x0000000082dcb768) 
thrown [s\open\src\hotspot\share\interpreter\linkResolver.cpp, line 773]
Event: 26.745 Thread 0x0000028ee1f68420 Exception <a 'java/lang/NoSuchMethodError'{0x0000000082935f98}: 'java.lang.Object java.lang.invoke.DirectMethodHandle$Holder.invokeVirtual(java.lang.Object, java.lang.Object, java.lang.Object, java.lang.Object, java.lang.Object, java.lang.Object, java.lang.Object, java.lang.Object)'> (0x0000000082935f98) 
thrown [s\open\src\hotspot\share\interpreter\linkResolver.cpp, line 773]

ZGC Phase Switch (0 events):
No events

VM Operations (20 events):
Event: 18.983 Executing VM operation: Cleanup
Event: 18.983 Executing VM operation: Cleanup done
Event: 19.994 Executing VM operation: Cleanup
Event: 19.995 Executing VM operation: Cleanup done
Event: 20.728 Executing VM operation: HandshakeAllThreads (Deoptimize)
Event: 20.728 Executing VM operation: HandshakeAllThreads (Deoptimize) done
Event: 21.741 Executing VM operation: Cleanup
Event: 21.741 Executing VM operation: Cleanup done
Event: 21.921 Executing VM operation: HandshakeAllThreads (Deoptimize)
Event: 21.921 Executing VM operation: HandshakeAllThreads (Deoptimize) done
Event: 22.929 Executing VM operation: Cleanup
Event: 22.929 Executing VM operation: Cleanup done
Event: 23.654 Executing VM operation: G1CollectForAllocation (G1 Evacuation Pause)
Event: 23.675 Executing VM operation: G1CollectForAllocation (G1 Evacuation Pause) done
Event: 24.649 Executing VM operation: HandshakeAllThreads (Deoptimize)
Event: 24.649 Executing VM operation: HandshakeAllThreads (Deoptimize) done
Event: 25.657 Executing VM operation: Cleanup
Event: 25.657 Executing VM operation: Cleanup done
Event: 26.672 Executing VM operation: Cleanup
Event: 26.672 Executing VM operation: Cleanup done

Events (20 events):
Event: 0.466 Thread 0x0000028e9bf40a70 Thread added: 0x0000028e9bf40a70
Event: 0.466 Thread 0x0000028e9bf434d0 Thread added: 0x0000028e9bf434d0
Event: 0.466 Thread 0x0000028e9bf45f30 Thread added: 0x0000028e9bf45f30
Event: 0.466 Thread 0x0000028e9bf490c0 Thread added: 0x0000028e9bf490c0
Event: 0.472 Thread 0x0000028e9bf4e820 Thread added: 0x0000028e9bf4e820
Event: 0.600 Thread 0x0000028e9bfbdef0 Thread added: 0x0000028e9bfbdef0
Event: 1.738 Thread 0x0000028ee1311d80 Thread added: 0x0000028ee1311d80
Event: 16.445 Thread 0x0000028ee2b49fb0 Thread added: 0x0000028ee2b49fb0
Event: 20.625 Thread 0x0000028ee1d0a2b0 Thread added: 0x0000028ee1d0a2b0
Event: 20.960 Thread 0x0000028ee11deb10 Thread added: 0x0000028ee11deb10
Event: 22.381 Thread 0x0000028ee1269770 Thread added: 0x0000028ee1269770
Event: 22.441 Thread 0x0000028ee126ab90 Thread added: 0x0000028ee126ab90
Event: 23.020 Thread 0x0000028ee1c5f510 Thread added: 0x0000028ee1c5f510
Event: 23.059 Thread 0x0000028ee1f68420 Thread added: 0x0000028ee1f68420
Event: 23.222 Thread 0x0000028ee1c5fb70 Thread added: 0x0000028ee1c5fb70
Event: 23.243 Thread 0x0000028ee11dc840 Thread added: 0x0000028ee11dc840
Event: 23.262 Thread 0x0000028ee11db490 Thread added: 0x0000028ee11db490
Event: 24.650 Thread 0x0000028ee11da0e0 Thread added: 0x0000028ee11da0e0
Event: 24.702 Thread 0x0000028ee11dbb20 Thread added: 0x0000028ee11dbb20
Event: 26.554 Thread 0x0000028ee11dc1b0 Thread added: 0x0000028ee11dc1b0


Dynamic libraries:
0x00007ff711710000 - 0x00007ff711720000 	C:\Program Files\Java\jdk-21\bin\java.exe
0x00007ffc0cd80000 - 0x00007ffc0cfe8000 	C:\WINDOWS\SYSTEM32\ntdll.dll
0x00007ffc0c620000 - 0x00007ffc0c6e9000 	C:\WINDOWS\System32\KERNEL32.DLL
0x00007ffc0a050000 - 0x00007ffc0a43d000 	C:\WINDOWS\System32\KERNELBASE.dll
0x00007ffc0a440000 - 0x00007ffc0a58b000 	C:\WINDOWS\System32\ucrtbase.dll
0x00007ffbf0320000 - 0x00007ffbf0339000 	C:\Program Files\Java\jdk-21\bin\jli.dll
0x00007ffc0b4b0000 - 0x00007ffc0b564000 	C:\WINDOWS\System32\ADVAPI32.dll
0x00007ffc0c560000 - 0x00007ffc0c609000 	C:\WINDOWS\System32\msvcrt.dll
0x00007ffc0afd0000 - 0x00007ffc0b076000 	C:\WINDOWS\System32\sechost.dll
0x00007ffc0c9c0000 - 0x00007ffc0cad8000 	C:\WINDOWS\System32\RPCRT4.dll
0x00007ffc0c6f0000 - 0x00007ffc0c8bc000 	C:\WINDOWS\System32\USER32.dll
0x00007ffc0a6d0000 - 0x00007ffc0a6f7000 	C:\WINDOWS\System32\win32u.dll
0x00007ffc0b0f0000 - 0x00007ffc0b11b000 	C:\WINDOWS\System32\GDI32.dll
0x00007ffc0a590000 - 0x00007ffc0a6c7000 	C:\WINDOWS\System32\gdi32full.dll
0x00007ffc0a8f0000 - 0x00007ffc0a993000 	C:\WINDOWS\System32\msvcp_win.dll
0x00007ffbf9080000 - 0x00007ffbf909b000 	C:\Program Files\Java\jdk-21\bin\VCRUNTIME140.dll
0x00007ffbf9c10000 - 0x00007ffbf9eaa000 	C:\WINDOWS\WinSxS\amd64_microsoft.windows.common-controls_6595b64144ccf1df_6.0.26100.4484_none_3e0e6d4ce32ef3b3\COMCTL32.dll
0x00007ffbfa7a0000 - 0x00007ffbfa7ab000 	C:\WINDOWS\SYSTEM32\VERSION.dll
0x00007ffc0c420000 - 0x00007ffc0c44f000 	C:\WINDOWS\System32\IMM32.DLL
0x00007ffbf96e0000 - 0x00007ffbf96ec000 	C:\Program Files\Java\jdk-21\bin\vcruntime140_1.dll
0x00007ffbf0290000 - 0x00007ffbf031e000 	C:\Program Files\Java\jdk-21\bin\msvcp140.dll
0x00007ffbada30000 - 0x00007ffbae748000 	C:\Program Files\Java\jdk-21\bin\server\jvm.dll
0x00007ffc0c3a0000 - 0x00007ffc0c414000 	C:\WINDOWS\System32\WS2_32.dll
0x00007ffc09d40000 - 0x00007ffc09d9e000 	C:\WINDOWS\SYSTEM32\POWRPROF.dll
0x00007ffc07870000 - 0x00007ffc078a5000 	C:\WINDOWS\SYSTEM32\WINMM.dll
0x00007ffc09d20000 - 0x00007ffc09d34000 	C:\WINDOWS\SYSTEM32\UMPDC.dll
0x00007ffc08c50000 - 0x00007ffc08c6b000 	C:\WINDOWS\SYSTEM32\kernel.appcore.dll
0x00007ffbf6e00000 - 0x00007ffbf6e0a000 	C:\Program Files\Java\jdk-21\bin\jimage.dll
0x00007ffc07590000 - 0x00007ffc077d1000 	C:\WINDOWS\SYSTEM32\DBGHELP.DLL
0x00007ffc0b120000 - 0x00007ffc0b4a6000 	C:\WINDOWS\System32\combase.dll
0x00007ffc0c460000 - 0x00007ffc0c540000 	C:\WINDOWS\System32\OLEAUT32.dll
0x00007ffc07820000 - 0x00007ffc07863000 	C:\WINDOWS\SYSTEM32\dbgcore.DLL
0x00007ffc0a700000 - 0x00007ffc0a799000 	C:\WINDOWS\System32\bcryptPrimitives.dll
0x00007ffbee380000 - 0x00007ffbee38f000 	C:\Program Files\Java\jdk-21\bin\instrument.dll
0x00007ffbf0270000 - 0x00007ffbf028f000 	C:\Program Files\Java\jdk-21\bin\java.dll
0x00007ffc0b630000 - 0x00007ffc0bd7a000 	C:\WINDOWS\System32\SHELL32.dll
0x00007ffc09ed0000 - 0x00007ffc0a044000 	C:\WINDOWS\System32\wintypes.dll
0x00007ffc07ae0000 - 0x00007ffc0833b000 	C:\WINDOWS\SYSTEM32\windows.storage.dll
0x00007ffc0bf30000 - 0x00007ffc0c025000 	C:\WINDOWS\System32\SHCORE.dll
0x00007ffc0b080000 - 0x00007ffc0b0ea000 	C:\WINDOWS\System32\shlwapi.dll
0x00007ffc09de0000 - 0x00007ffc09e0f000 	C:\WINDOWS\SYSTEM32\profapi.dll
0x00007ffbd4ab0000 - 0x00007ffbd4b87000 	C:\Program Files\Java\jdk-21\bin\jsvml.dll
0x00007ffbee3d0000 - 0x00007ffbee3e8000 	C:\Program Files\Java\jdk-21\bin\zip.dll
0x00007ffbf5840000 - 0x00007ffbf5850000 	C:\Program Files\Java\jdk-21\bin\net.dll
0x00007ffc02bb0000 - 0x00007ffc02cce000 	C:\WINDOWS\SYSTEM32\WINHTTP.dll
0x00007ffc09200000 - 0x00007ffc0926a000 	C:\WINDOWS\system32\mswsock.dll
0x00007ffbee3f0000 - 0x00007ffbee406000 	C:\Program Files\Java\jdk-21\bin\nio.dll
0x00007ffc06620000 - 0x00007ffc06630000 	C:\Program Files\Java\jdk-21\bin\verify.dll
0x00007ffba5750000 - 0x00007ffba5777000 	C:\Users\Ryan\.gradle\native\c067742578af261105cb4f569cf0c3c89f3d7b1fecec35dd04571415982c5e48\windows-amd64\native-platform.dll
0x00007ffbd7680000 - 0x00007ffbd77c4000 	C:\Users\Ryan\.gradle\native\100fb08df4bc3b14c8652ba06237920a3bd2aa13389f12d3474272988ae205f9\windows-amd64\native-platform-file-events.dll
0x00007ffbfb7b0000 - 0x00007ffbfb7ba000 	C:\Program Files\Java\jdk-21\bin\management.dll
0x00007ffbf0260000 - 0x00007ffbf026b000 	C:\Program Files\Java\jdk-21\bin\management_ext.dll
0x00007ffc0bd80000 - 0x00007ffc0bd88000 	C:\WINDOWS\System32\PSAPI.DLL
0x00007ffc094b0000 - 0x00007ffc094cb000 	C:\WINDOWS\SYSTEM32\CRYPTSP.dll
0x00007ffc08bb0000 - 0x00007ffc08beb000 	C:\WINDOWS\system32\rsaenh.dll
0x00007ffc092a0000 - 0x00007ffc092cb000 	C:\WINDOWS\SYSTEM32\USERENV.dll
0x00007ffc09db0000 - 0x00007ffc09dd6000 	C:\WINDOWS\SYSTEM32\bcrypt.dll
0x00007ffc094d0000 - 0x00007ffc094dc000 	C:\WINDOWS\SYSTEM32\CRYPTBASE.dll
0x00007ffc08650000 - 0x00007ffc08683000 	C:\WINDOWS\SYSTEM32\IPHLPAPI.DLL
0x00007ffc0c610000 - 0x00007ffc0c61a000 	C:\WINDOWS\System32\NSI.dll
0x00007ffbee110000 - 0x00007ffbee119000 	C:\Program Files\Java\jdk-21\bin\extnet.dll
0x00007ffbedfe0000 - 0x00007ffbedfee000 	C:\Program Files\Java\jdk-21\bin\sunmscapi.dll
0x00007ffc0a9a0000 - 0x00007ffc0ab17000 	C:\WINDOWS\System32\CRYPT32.dll
0x00007ffc096d0000 - 0x00007ffc09700000 	C:\WINDOWS\SYSTEM32\ncrypt.dll
0x00007ffc09680000 - 0x00007ffc096bf000 	C:\WINDOWS\SYSTEM32\NTASN1.dll
0x00007ffbcdf40000 - 0x00007ffbcdf48000 	C:\WINDOWS\system32\wshunix.dll

dbghelp: loaded successfully - version: 4.0.5 - missing functions: none
symbol engine: initialized successfully - sym options: 0x614 - pdb path: .;C:\Program Files\Java\jdk-21\bin;C:\WINDOWS\SYSTEM32;C:\WINDOWS\WinSxS\amd64_microsoft.windows.common-controls_6595b64144ccf1df_6.0.26100.4484_none_3e0e6d4ce32ef3b3;C:\Program Files\Java\jdk-21\bin\server;C:\Users\Ryan\.gradle\native\c067742578af261105cb4f569cf0c3c89f3d7b1fecec35dd04571415982c5e48\windows-amd64;C:\Users\Ryan\.gradle\native\100fb08df4bc3b14c8652ba06237920a3bd2aa13389f12d3474272988ae205f9\windows-amd64

VM Arguments:
jvm_args: --add-opens=java.base/java.lang=ALL-UNNAMED --add-opens=java.base/java.lang.invoke=ALL-UNNAMED --add-opens=java.base/java.util=ALL-UNNAMED --add-opens=java.prefs/java.util.prefs=ALL-UNNAMED --add-exports=jdk.compiler/com.sun.tools.javac.api=ALL-UNNAMED --add-exports=jdk.compiler/com.sun.tools.javac.util=ALL-UNNAMED --add-opens=java.base/java.util=ALL-UNNAMED --add-opens=java.prefs/java.util.prefs=ALL-UNNAMED --add-opens=java.base/java.nio.charset=ALL-UNNAMED --add-opens=java.base/java.net=ALL-UNNAMED --add-opens=java.base/java.util.concurrent.atomic=ALL-UNNAMED --add-opens=java.xml/javax.xml.namespace=ALL-UNNAMED -Xmx2048m -Dfile.encoding=UTF-8 -Duser.country=BR -Duser.language=pt -Duser.variant -javaagent:C:\Users\Ryan\.gradle\wrapper\dists\gradle-8.11.1-bin\bpt9gzteqjrbo1mjrsomdt32c\gradle-8.11.1\lib\agents\gradle-instrumentation-agent-8.11.1.jar 
java_command: org.gradle.launcher.daemon.bootstrap.GradleDaemon 8.11.1
java_class_path (initial): C:\Users\Ryan\.gradle\wrapper\dists\gradle-8.11.1-bin\bpt9gzteqjrbo1mjrsomdt32c\gradle-8.11.1\lib\gradle-daemon-main-8.11.1.jar
Launcher Type: SUN_STANDARD

[Global flags]
     intx CICompilerCount                          = 3                                         {product} {ergonomic}
     uint ConcGCThreads                            = 1                                         {product} {ergonomic}
     uint G1ConcRefinementThreads                  = 4                                         {product} {ergonomic}
   size_t G1HeapRegionSize                         = 1048576                                   {product} {ergonomic}
    uintx GCDrainStackTargetSize                   = 64                                        {product} {ergonomic}
   size_t InitialHeapSize                          = 62914560                                  {product} {ergonomic}
   size_t MarkStackSize                            = 4194304                                   {product} {ergonomic}
   size_t MaxHeapSize                              = 2147483648                                {product} {command line}
   size_t MaxNewSize                               = 1287651328                                {product} {ergonomic}
   size_t MinHeapDeltaBytes                        = 1048576                                   {product} {ergonomic}
   size_t MinHeapSize                              = 8388608                                   {product} {ergonomic}
    uintx NonNMethodCodeHeapSize                   = 5832780                                {pd product} {ergonomic}
    uintx NonProfiledCodeHeapSize                  = 122912730                              {pd product} {ergonomic}
    uintx ProfiledCodeHeapSize                     = 122912730                              {pd product} {ergonomic}
    uintx ReservedCodeCacheSize                    = 251658240                              {pd product} {ergonomic}
     bool SegmentedCodeCache                       = true                                      {product} {ergonomic}
   size_t SoftMaxHeapSize                          = 2147483648                             {manageable} {ergonomic}
     bool UseCompressedOops                        = true                           {product lp64_product} {ergonomic}
     bool UseG1GC                                  = true                                      {product} {ergonomic}
     bool UseLargePagesIndividualAllocation        = false                                  {pd product} {ergonomic}

Logging:
Log output configuration:
 #0: stdout all=warning uptime,level,tags foldmultilines=false
 #1: stderr all=off uptime,level,tags foldmultilines=false

Environment Variables:
JAVA_HOME=C:\Program Files\Java\jdk-21
CLASSPATH=c:\Users\Ryan\AndroidStudioProjects\PomodoroTimer\\gradle\wrapper\gradle-wrapper.jar
PATH=C:\Program Files\Common Files\Oracle\Java\javapath;C:\WINDOWS\system32;C:\WINDOWS;C:\WINDOWS\System32\Wbem;C:\WINDOWS\System32\WindowsPowerShell\v1.0\;C:\WINDOWS\System32\OpenSSH\;C:\Program Files\Git\cmd;C:\Program Files\Docker\Docker\resources\bin;C:\Program Files\nodejs\;C:\Program Files\apache-maven-3.9.9\bin;C:\Program Files\Java\jdk-21\bin;C:\Users\Ryan\.cargo\bin;C:\Program Files\MySQL\MySQL Shell 8.0\bin\;C:\Users\Ryan\AppData\Local\Microsoft\WindowsApps;C:\Users\Ryan\AppData\Local\Programs\Microsoft VS Code\bin;C:\Users\Ryan\AppData\Roaming\npm;C:\Users\Ryan\AppData\Local\gitkraken\bin;C:\ffmpeg-7.0.2-essentials_build\bin;;C:\Program Files\JetBrains\IntelliJ IDEA 2024.3.1.1\bin;;C:\Users\Ryan\AppData\Local\Microsoft\WindowsApps
USERNAME=Ryan
OS=Windows_NT
PROCESSOR_IDENTIFIER=Intel64 Family 6 Model 140 Stepping 1, GenuineIntel
TMP=C:\Users\Ryan\AppData\Local\Temp
TEMP=C:\Users\Ryan\AppData\Local\Temp




Periodic native trim disabled

---------------  S Y S T E M  ---------------

OS:
 Windows 11 , 64 bit Build 26100 (10.0.26100.4484)
OS uptime: 0 days 11:22 hours
Hyper-V role detected

CPU: total 4 (initial active 4) (2 cores per cpu, 2 threads per core) family 6 model 140 stepping 1 microcode 0xbc, cx8, cmov, fxsr, ht, mmx, 3dnowpref, sse, sse2, sse3, ssse3, sse4.1, sse4.2, popcnt, lzcnt, tsc, tscinvbit, avx, avx2, aes, erms, clmul, bmi1, bmi2, adx, avx512f, avx512dq, avx512cd, avx512bw, avx512vl, sha, fma, vzeroupper, avx512_vpopcntdq, avx512_vpclmulqdq, avx512_vaes, avx512_vnni, clflush, clflushopt, clwb, avx512_vbmi2, avx512_vbmi, hv, rdtscp, rdpid, fsrm, gfni, avx512_bitalg, f16c, cet_ibt, cet_ss, avx512_ifma
Processor Information for all 4 processors :
  Max Mhz: 1997, Current Mhz: 1997, Mhz Limit: 1997

Memory: 4k page, system-wide physical 3838M (141M free)
TotalPageFile size 15614M (AvailPageFile size 8M)
current process WorkingSet (physical memory assigned to process): 129M, peak: 130M
current process commit charge ("private bytes"): 200M, peak: 202M

vm_info: Java HotSpot(TM) 64-Bit Server VM (21.0.5+9-LTS-239) for windows-amd64 JRE (21.0.5+9-LTS-239), built on 2024-09-30T05:17:38Z by "mach5one" with MS VC++ 17.6 (VS2022)

END.
